[2016-08-04 23:30:08.542] [INFO] access - /Record.Create - POST - {"dns":"9","name":"www","type":"A","value":"129.126.3.2","mx":"0","enable":"1"} - 200 - 32ms
[2016-08-05 08:48:46.750] [INFO] access - /Domain.List - POST - {} - 200 - 36ms
[2016-08-05 09:11:48.584] [INFO] access - /Domain.Create - POST - {"name":"youtobe.com"} - 200 - 43ms
[2016-08-05 09:12:50.164] [INFO] access - /Domain.Create - POST - {"name":"youtobe.com"} - 200 - 32ms
[2016-08-05 09:13:22.360] [INFO] access - /Domain.Create - POST - {"name":"youtobe.com"} - 200 - 42ms
[2016-08-05 09:13:55.287] [INFO] access - /Domain.Create - POST - {"name":"youtobe.com"} - 200 - 42ms
[2016-08-05 09:14:10.881] [INFO] access - /Domain.Create - POST - {"name":"ydsadsae.com"} - 200 - 60ms
[2016-08-05 09:14:40.373] [INFO] access - /Domain.Create - POST - {"name":"ydsadsae.com"} - 200 - 42ms
[2016-08-05 09:16:20.382] [INFO] access - /Domain.Create - POST - {"name":"ydsadsae.com"} - 200 - 55ms
[2016-08-05 09:16:54.482] [INFO] access - /Domain.Create - POST - {"name":"werae.com"} - 200 - 46ms
[2016-08-05 09:19:23.124] [INFO] access - /Domain.Create - POST - {"name":"asdf.com"} - 200 - 45ms
[2016-08-05 09:21:44.395] [INFO] access - /Domain.Create - POST - {"name":"asdf.com"} - 200 - 44ms
[2016-08-05 09:27:19.241] [INFO] access - /Domain.Create - POST - {"name":"fsfdsfdsfdf.com"} - 200 - 28ms
[2016-08-05 09:28:28.892] [INFO] access - /Domain.Create - POST - {"name":"fsfdsfdsa.com"} - 200 - 28ms
[2016-08-05 09:43:25.348] [INFO] access - /Domain.Create - POST - {"name":"fsfdsfdsa.com"} - 200 - 47ms
[2016-08-05 09:44:21.816] [INFO] access - /Domain.Create - POST - {"name":"fsfdsfdsa.com"} - 200 - 50972ms
[2016-08-05 09:44:21.846] [INFO] access - /Domain.Create - POST - {"name":"dsfdsetua.com"} - 200 - 35053ms
[2016-08-05 09:45:43.171] [INFO] access - /Domain.Create - POST - {"name":"lidongjie.com"} - 200 - 41ms
[2016-08-05 09:47:15.280] [INFO] access - /Domain.Create - POST - {"name":"xingazh.com"} - 200 - 43ms
[2016-08-05 09:55:39.145] [INFO] access - /Domain.Create - POST - {"name":"balxinglh.com"} - 200 - 46ms
[2016-08-05 09:56:42.713] [INFO] access - /Domain.Create - POST - {"name":"balxinglh.com"} - 200 - 45ms
[2016-08-05 09:59:39.968] [INFO] access - /Domain.List - POST - {} - 200 - 12ms
[2016-08-05 10:01:02.901] [INFO] access - /Domain.List - POST - {} - 200 - 46ms
[2016-08-05 10:03:33.488] [INFO] access - /Domain.Create - POST - {"name":"qingwangt.com"} - 200 - 13ms
[2016-08-05 10:03:36.898] [INFO] access - /Domain.Create - POST - {"name":"qingwangt.com"} - 200 - 2ms
[2016-08-05 10:04:05.253] [INFO] access - /Domain.Create - POST - {"name":"qingwangt.com"} - 200 - 31ms
[2016-08-05 10:05:03.520] [INFO] access - /Domain.Create - POST - {"name":"qingwangt.com"} - 200 - 29ms
[2016-08-05 10:12:18.263] [INFO] access - /Domain.Create - POST - {"name":"qingwangt.com"} - 404 - 11ms
[2016-08-05 10:12:19.241] [INFO] access - /Domain.Create - POST - {"name":"qingwangt.com"} - 404 - 3ms
[2016-08-05 10:12:38.030] [INFO] access - /Domain.Create - POST - {"name":"qingwangt.com"} - 404 - 10ms
[2016-08-05 10:12:39.078] [INFO] access - /Domain.Create - POST - {"name":"qingwangt.com"} - 404 - 2ms
[2016-08-05 10:30:14.534] [INFO] access - /Domain.Create - POST - {"name":"qingwangt.com"} - 200 - 34ms
[2016-08-05 10:30:46.272] [INFO] access - /Domain.Create - POST - {"name":"qingwangt.com"} - 200 - 31ms
[2016-08-05 10:32:04.580] [INFO] access - /Domain.Create - POST - {"name":"qingwangt.com"} - 200 - 30ms
[2016-08-05 10:47:42.855] [INFO] access - /Domain.Create - POST - {"name":"qingwangt.com"} - 200 - 30ms
[2016-08-05 10:47:57.026] [INFO] access - /Domain.Create - POST - {"name":"qingwangt.com"} - 200 - 4ms
[2016-08-05 10:48:02.310] [INFO] access - /Domain.Create - POST - {"name":"qingwangt.com"} - 200 - 2ms
[2016-08-05 10:48:41.816] [INFO] access - /Domain.Create - POST - {"name":"qingwangt.com"} - 200 - 1ms
[2016-08-05 10:54:10.456] [INFO] access - /Domain.Create - POST - {"name":"qingwangt.com"} - 200 - 34ms
[2016-08-05 10:54:38.902] [INFO] access - /Domain.Create - POST - {"name":"qingwangt.com"} - 200 - 29ms
[2016-08-05 10:55:17.707] [INFO] access - /Domain.Create - POST - {"name":"qingwangt.com"} - 200 - 12ms
[2016-08-05 10:55:18.844] [INFO] access - /Domain.Create - POST - {"name":"qingwangt.com"} - 200 - 2ms
[2016-08-05 10:55:20.402] [INFO] access - /Domain.Create - POST - {"name":"qingwangt.com"} - 200 - 1ms
[2016-08-05 10:55:43.318] [INFO] access - /Domain.Create - POST - {"name":"qingwangt.com"} - 200 - 25ms
[2016-08-05 10:56:28.900] [INFO] access - /Domain.Create - POST - {"name":"qingwangt.com"} - 200 - 37ms
[2016-08-05 10:57:28.076] [INFO] access - /Domain.Create - POST - {"name":"qingwangt.com"} - 200 - 50792ms
[2016-08-05 10:57:47.770] [INFO] access - /Domain.Create - POST - {"name":"qingwangt.com"} - 200 - 33ms
[2016-08-05 10:58:43.416] [INFO] access - /Domain.Create - POST - {"name":"qidasdgt.com"} - 200 - 35ms
[2016-08-05 11:02:43.495] [INFO] access - /Domain.Create - POST - {"name":"qidasdgt.com"} - 200 - 41ms
[2016-08-05 11:02:44.355] [INFO] access - /Domain.Create - POST - {"name":"qidasdgt.com"} - 200 - 6ms
[2016-08-05 11:02:44.848] [INFO] access - /Domain.Create - POST - {"name":"qidasdgt.com"} - 200 - 5ms
[2016-08-05 11:02:45.044] [INFO] access - /Domain.Create - POST - {"name":"qidasdgt.com"} - 200 - 5ms
[2016-08-05 11:02:45.212] [INFO] access - /Domain.Create - POST - {"name":"qidasdgt.com"} - 200 - 7ms
[2016-08-05 11:05:30.621] [INFO] access - /Domain.Create - POST - {"name":"qidasdgt.com"} - 200 - 29ms
[2016-08-05 11:06:26.272] [INFO] access - /Domain.Create - POST - {"name":"qidasdgt.com"} - 200 - 44ms
[2016-08-05 11:06:27.142] [INFO] access - /Domain.Create - POST - {"name":"qidasdgt.com"} - 200 - 8ms
[2016-08-05 11:06:27.677] [INFO] access - /Domain.Create - POST - {"name":"qidasdgt.com"} - 200 - 6ms
[2016-08-05 11:06:28.162] [INFO] access - /Domain.Create - POST - {"name":"qidasdgt.com"} - 200 - 3ms
[2016-08-05 11:06:29.326] [INFO] access - /Domain.Create - POST - {"name":"qidasdgt.com"} - 200 - 10ms
[2016-08-05 11:06:59.794] [INFO] access - /Domain.Create - POST - {"name":"xdsadsat.com"} - 200 - 43ms
[2016-08-05 11:09:47.778] [INFO] access - /Domain.Create - POST - {"name":"xdsadsat.com"} - 200 - 41ms
[2016-08-05 13:35:54.376] [INFO] access - /Domain.Create - POST - {"name":"xdsadsat.com"} - 200 - 7ms
[2016-08-05 13:36:26.640] [INFO] access - /Domain.Create - POST - {"name":"xdsadsat.com"} - 200 - 1ms
[2016-08-05 13:36:29.248] [INFO] access - /Domain.Create - POST - {"name":"xdsadsat.com"} - 200 - 1ms
[2016-08-05 13:36:31.740] [INFO] access - /Domain.Create - POST - {"name":"xdsadsat.com"} - 200 - 0ms
[2016-08-05 13:36:34.934] [INFO] access - /Domain.Create - POST - {"name":"xdsadsat.com"} - 200 - 1ms
[2016-08-05 13:37:41.486] [INFO] access - /Domain.Create - POST - {"name":"xdsadsat.com"} - 200 - 7ms
[2016-08-05 13:37:44.991] [INFO] access - /Domain.Create - POST - {"name":"xdsadsat.com"} - 200 - 0ms
[2016-08-05 13:40:53.359] [INFO] access - /Domain.Create - POST - {"name":"xdsadsat.com"} - 200 - 49ms
[2016-08-05 13:41:15.609] [INFO] access - /Domain.Create - POST - {"name":"xfdasat.com"} - 200 - 42ms
[2016-08-05 13:44:43.822] [INFO] access - /Domain.List - POST - {} - 200 - 31ms
[2016-08-05 13:47:08.853] [INFO] access - /Domain.Create - POST - {"name":"luyuqing.com"} - 200 - 33ms
[2016-08-05 13:47:46.042] [INFO] access - /Domain.Create - POST - {"name":"wangshuai.com"} - 200 - 30ms
[2016-08-05 13:48:38.729] [INFO] access - /Domain.Create - POST - {"name":"wankillsi.com"} - 200 - 31ms
[2016-08-05 13:49:28.220] [INFO] access - /Domain.Create - POST - {"name":"wafoxi.com"} - 200 - 33ms
[2016-08-05 15:10:45.332] [INFO] access - /Domain.Create - POST - {} - 200 - 47ms
[2016-08-05 15:12:08.679] [INFO] access - /Domain.Create - POST - {"name":"ldnssdsa"} - 200 - 9ms
[2016-08-05 15:18:20.092] [INFO] access - /Domain.Create - POST - {"name":"ldnssdsa"} - 200 - 30ms
[2016-08-05 15:40:40.807] [INFO] access - /Domain.Create - POST - {"name":"bezosLee.com"} - 200 - 31ms
[2016-08-05 15:43:17.199] [INFO] access - /Domain.Create - POST - {"name":"json.com"} - 200 - 30ms
[2016-08-05 15:53:34.981] [INFO] access - /Domain.Create - POST - {"name":"codeocean.com"} - 200 - 45ms
[2016-08-05 16:31:30.458] [INFO] access - /Domain.Create - POST - {"name":"codeocean.com"} - 200 - 35ms
[2016-08-05 16:34:25.365] [INFO] access - /Domain.Create - POST - {"name":"jianshu.com"} - 200 - 31ms
[2016-08-05 17:02:32.167] [INFO] access - /Domain.Create - POST - {} - 200 - 58ms
[2016-08-05 17:03:06.371] [INFO] access - /Domain.Create - POST - {"name":"v.qq.com"} - 200 - 30ms
[2016-08-05 19:42:27.750] [INFO] access - /Domain.Create - POST - {"name":"haizewang.com"} - 200 - 29ms
[2016-08-05 19:55:40.791] [INFO] access - /Domain.Create - POST - {"name":"haizewanl.com"} - 200 - 37ms
[2016-08-05 19:59:50.601] [INFO] access - /Domain.Create - POST - {"name":"haizewankk.com"} - 200 - 30ms
[2016-08-05 20:31:22.046] [INFO] access - /Domain.Create - POST - {"name":"mukezhai.com"} - 200 - 28ms
[2016-08-05 20:31:39.212] [INFO] access - /Domain.List - POST - {} - 200 - 6ms
[2016-08-05 20:33:23.946] [INFO] access - /Domain.Remove - POST - {"id":"135"} - 200 - 6ms
[2016-08-05 20:33:30.016] [INFO] access - /Domain.List - POST - {} - 200 - 33ms
